localhost | SUCCESS => {
    "ansible_facts": {
        "ansible_all_ipv4_addresses": [
            "192.168.33.1", 
            "172.16.124.239"
        ], 
        "ansible_all_ipv6_addresses": [
            "fe80::800:27ff:fe00:0", 
            "fe80::da8c:297c:1834:6fc"
        ], 
        "ansible_apparmor": {
            "status": "enabled"
        }, 
        "ansible_architecture": "x86_64", 
        "ansible_bios_date": "02/27/2020", 
        "ansible_bios_version": "6.00", 
        "ansible_cmdline": {
            "BOOT_IMAGE": "/boot/vmlinuz-5.3.0-28-generic", 
            "auto": true, 
            "find_preseed": "/preseed.cfg", 
            "locale": "en_US", 
            "noprompt": true, 
            "priority": "critical", 
            "quiet": true, 
            "ro": true, 
            "root": "UUID=a0bc39aa-8ce9-45a3-9074-b060ca7ba587"
        }, 
        "ansible_date_time": {
            "date": "2020-09-18", 
            "day": "18", 
            "epoch": "1600425182", 
            "hour": "03", 
            "iso8601": "2020-09-18T10:33:02Z", 
            "iso8601_basic": "20200918T033302256166", 
            "iso8601_basic_short": "20200918T033302", 
            "iso8601_micro": "2020-09-18T10:33:02.256223Z", 
            "minute": "33", 
            "month": "09", 
            "second": "02", 
            "time": "03:33:02", 
            "tz": "PDT", 
            "tz_offset": "-0700", 
            "weekday": "Friday", 
            "weekday_number": "5", 
            "weeknumber": "37", 
            "year": "2020"
        }, 
        "ansible_default_ipv4": {
            "address": "172.16.124.239", 
            "alias": "ens33", 
            "broadcast": "172.16.124.255", 
            "gateway": "172.16.124.2", 
            "interface": "ens33", 
            "macaddress": "00:0c:29:05:38:4b", 
            "mtu": 1500, 
            "netmask": "255.255.255.0", 
            "network": "172.16.124.0", 
            "type": "ether"
        }, 
        "ansible_default_ipv6": {}, 
        "ansible_device_links": {
            "ids": {
                "sr0": [
                    "ata-VMware_Virtual_SATA_CDRW_Drive_00000000000000000001"
                ], 
                "sr1": [
                    "ata-VMware_Virtual_SATA_CDRW_Drive_01000000000000000001"
                ]
            }, 
            "labels": {}, 
            "masters": {}, 
            "uuids": {
                "sda1": [
                    "a0bc39aa-8ce9-45a3-9074-b060ca7ba587"
                ]
            }
        }, 
        "ansible_devices": {
            "fd0": {
                "holders": [], 
                "host": "", 
                "links": {
                    "ids": [], 
                    "labels": [], 
                    "masters": [], 
                    "uuids": []
                }, 
                "model": null, 
                "partitions": {}, 
                "removable": "1", 
                "rotational": "1", 
                "sas_address": null, 
                "sas_device_handle": null, 
                "scheduler_mode": "mq-deadline", 
                "sectors": "8", 
                "sectorsize": "512", 
                "size": "4.00 KB", 
                "support_discard": "0", 
                "vendor": null, 
                "virtual": 1
            }, 
            "loop0": {
                "holders": [], 
                "host": "", 
                "links": {
                    "ids": [], 
                    "labels": [], 
                    "masters": [], 
                    "uuids": []
                }, 
                "model": null, 
                "partitions": {}, 
                "removable": "0", 
                "rotational": "1", 
                "sas_address": null, 
                "sas_device_handle": null, 
                "scheduler_mode": "mq-deadline", 
                "sectors": "0", 
                "sectorsize": "512", 
                "size": "0.00 Bytes", 
                "support_discard": "4096", 
                "vendor": null, 
                "virtual": 1
            }, 
            "loop1": {
                "holders": [], 
                "host": "", 
                "links": {
                    "ids": [], 
                    "labels": [], 
                    "masters": [], 
                    "uuids": []
                }, 
                "model": null, 
                "partitions": {}, 
                "removable": "0", 
                "rotational": "1", 
                "sas_address": null, 
                "sas_device_handle": null, 
                "scheduler_mode": "mq-deadline", 
                "sectors": "111904", 
                "sectorsize": "512", 
                "size": "54.64 MB", 
                "support_discard": "4096", 
                "vendor": null, 
                "virtual": 1
            }, 
            "loop10": {
                "holders": [], 
                "host": "", 
                "links": {
                    "ids": [], 
                    "labels": [], 
                    "masters": [], 
                    "uuids": []
                }, 
                "model": null, 
                "partitions": {}, 
                "removable": "0", 
                "rotational": "1", 
                "sas_address": null, 
                "sas_device_handle": null, 
                "scheduler_mode": "mq-deadline", 
                "sectors": "552", 
                "sectorsize": "512", 
                "size": "276.00 KB", 
                "support_discard": "4096", 
                "vendor": null, 
                "virtual": 1
            }, 
            "loop11": {
                "holders": [], 
                "host": "", 
                "links": {
                    "ids": [], 
                    "labels": [], 
                    "masters": [], 
                    "uuids": []
                }, 
                "model": null, 
                "partitions": {}, 
                "removable": "0", 
                "rotational": "1", 
                "sas_address": null, 
                "sas_device_handle": null, 
                "scheduler_mode": "mq-deadline", 
                "sectors": "4440", 
                "sectorsize": "512", 
                "size": "2.17 MB", 
                "support_discard": "4096", 
                "vendor": null, 
                "virtual": 1
            }, 
            "loop12": {
                "holders": [], 
                "host": "", 
                "links": {
                    "ids": [], 
                    "labels": [], 
                    "masters": [], 
                    "uuids": []
                }, 
                "model": null, 
                "partitions": {}, 
                "removable": "0", 
                "rotational": "1", 
                "sas_address": null, 
                "sas_device_handle": null, 
                "scheduler_mode": "mq-deadline", 
                "sectors": "1912", 
                "sectorsize": "512", 
                "size": "956.00 KB", 
                "support_discard": "4096", 
                "vendor": null, 
                "virtual": 1
            }, 
            "loop13": {
                "holders": [], 
                "host": "", 
                "links": {
                    "ids": [], 
                    "labels": [], 
                    "masters": [], 
                    "uuids": []
                }, 
                "model": null, 
                "partitions": {}, 
                "removable": "0", 
                "rotational": "1", 
                "sas_address": null, 
                "sas_device_handle": null, 
                "scheduler_mode": "mq-deadline", 
                "sectors": "4992", 
                "sectorsize": "512", 
                "size": "2.44 MB", 
                "support_discard": "4096", 
                "vendor": null, 
                "virtual": 1
            }, 
            "loop14": {
                "holders": [], 
                "host": "", 
                "links": {
                    "ids": [], 
                    "labels": [], 
                    "masters": [], 
                    "uuids": []
                }, 
                "model": null, 
                "partitions": {}, 
                "removable": "0", 
                "rotational": "1", 
                "sas_address": null, 
                "sas_device_handle": null, 
                "scheduler_mode": "mq-deadline", 
                "sectors": "127160", 
                "sectorsize": "512", 
                "size": "62.09 MB", 
                "support_discard": "4096", 
                "vendor": null, 
                "virtual": 1
            }, 
            "loop15": {
                "holders": [], 
                "host": "", 
                "links": {
                    "ids": [], 
                    "labels": [], 
                    "masters": [], 
                    "uuids": []
                }, 
                "model": null, 
                "partitions": {}, 
                "removable": "0", 
                "rotational": "1", 
                "sas_address": null, 
                "sas_device_handle": null, 
                "scheduler_mode": "mq-deadline", 
                "sectors": "330576", 
                "sectorsize": "512", 
                "size": "161.41 MB", 
                "support_discard": "4096", 
                "vendor": null, 
                "virtual": 1
            }, 
            "loop16": {
                "holders": [], 
                "host": "", 
                "links": {
                    "ids": [], 
                    "labels": [], 
                    "masters": [], 
                    "uuids": []
                }, 
                "model": null, 
                "partitions": {}, 
                "removable": "0", 
                "rotational": "1", 
                "sas_address": null, 
                "sas_device_handle": null, 
                "scheduler_mode": "mq-deadline", 
                "sectors": "523400", 
                "sectorsize": "512", 
                "size": "255.57 MB", 
                "support_discard": "4096", 
                "vendor": null, 
                "virtual": 1
            }, 
            "loop17": {
                "holders": [], 
                "host": "", 
                "links": {
                    "ids": [], 
                    "labels": [], 
                    "masters": [], 
                    "uuids": []
                }, 
                "model": null, 
                "partitions": {}, 
                "removable": "0", 
                "rotational": "1", 
                "sas_address": null, 
                "sas_device_handle": null, 
                "scheduler_mode": "mq-deadline", 
                "sectors": "198784", 
                "sectorsize": "512", 
                "size": "97.06 MB", 
                "support_discard": "4096", 
                "vendor": null, 
                "virtual": 1
            }, 
            "loop18": {
                "holders": [], 
                "host": "", 
                "links": {
                    "ids": [], 
                    "labels": [], 
                    "masters": [], 
                    "uuids": []
                }, 
                "model": null, 
                "partitions": {}, 
                "removable": "0", 
                "rotational": "1", 
                "sas_address": null, 
                "sas_device_handle": null, 
                "scheduler_mode": "mq-deadline", 
                "sectors": "0", 
                "sectorsize": "512", 
                "size": "0.00 Bytes", 
                "support_discard": "4096", 
                "vendor": null, 
                "virtual": 1
            }, 
            "loop2": {
                "holders": [], 
                "host": "", 
                "links": {
                    "ids": [], 
                    "labels": [], 
                    "masters": [], 
                    "uuids": []
                }, 
                "model": null, 
                "partitions": {}, 
                "removable": "0", 
                "rotational": "1", 
                "sas_address": null, 
                "sas_device_handle": null, 
                "scheduler_mode": "mq-deadline", 
                "sectors": "91920", 
                "sectorsize": "512", 
                "size": "44.88 MB", 
                "support_discard": "4096", 
                "vendor": null, 
                "virtual": 1
            }, 
            "loop3": {
                "holders": [], 
                "host": "", 
                "links": {
                    "ids": [], 
                    "labels": [], 
                    "masters": [], 
                    "uuids": []
                }, 
                "model": null, 
                "partitions": {}, 
                "removable": "0", 
                "rotational": "1", 
                "sas_address": null, 
                "sas_device_handle": null, 
                "scheduler_mode": "mq-deadline", 
                "sectors": "327992", 
                "sectorsize": "512", 
                "size": "160.15 MB", 
                "support_discard": "4096", 
                "vendor": null, 
                "virtual": 1
            }, 
            "loop4": {
                "holders": [], 
                "host": "", 
                "links": {
                    "ids": [], 
                    "labels": [], 
                    "masters": [], 
                    "uuids": []
                }, 
                "model": null, 
                "partitions": {}, 
                "removable": "0", 
                "rotational": "1", 
                "sas_address": null, 
                "sas_device_handle": null, 
                "scheduler_mode": "mq-deadline", 
                "sectors": "8600", 
                "sectorsize": "512", 
                "size": "4.20 MB", 
                "support_discard": "4096", 
                "vendor": null, 
                "virtual": 1
            }, 
            "loop5": {
                "holders": [], 
                "host": "", 
                "links": {
                    "ids": [], 
                    "labels": [], 
                    "masters": [], 
                    "uuids": []
                }, 
                "model": null, 
                "partitions": {}, 
                "removable": "0", 
                "rotational": "1", 
                "sas_address": null, 
                "sas_device_handle": null, 
                "scheduler_mode": "mq-deadline", 
                "sectors": "30200", 
                "sectorsize": "512", 
                "size": "14.75 MB", 
                "support_discard": "4096", 
                "vendor": null, 
                "virtual": 1
            }, 
            "loop6": {
                "holders": [], 
                "host": "", 
                "links": {
                    "ids": [], 
                    "labels": [], 
                    "masters": [], 
                    "uuids": []
                }, 
                "model": null, 
                "partitions": {}, 
                "removable": "0", 
                "rotational": "1", 
                "sas_address": null, 
                "sas_device_handle": null, 
                "scheduler_mode": "mq-deadline", 
                "sectors": "1912", 
                "sectorsize": "512", 
                "size": "956.00 KB", 
                "support_discard": "4096", 
                "vendor": null, 
                "virtual": 1
            }, 
            "loop7": {
                "holders": [], 
                "host": "", 
                "links": {
                    "ids": [], 
                    "labels": [], 
                    "masters": [], 
                    "uuids": []
                }, 
                "model": null, 
                "partitions": {}, 
                "removable": "0", 
                "rotational": "1", 
                "sas_address": null, 
                "sas_device_handle": null, 
                "scheduler_mode": "mq-deadline", 
                "sectors": "7472", 
                "sectorsize": "512", 
                "size": "3.65 MB", 
                "support_discard": "4096", 
                "vendor": null, 
                "virtual": 1
            }, 
            "loop8": {
                "holders": [], 
                "host": "", 
                "links": {
                    "ids": [], 
                    "labels": [], 
                    "masters": [], 
                    "uuids": []
                }, 
                "model": null, 
                "partitions": {}, 
                "removable": "0", 
                "rotational": "1", 
                "sas_address": null, 
                "sas_device_handle": null, 
                "scheduler_mode": "mq-deadline", 
                "sectors": "113296", 
                "sectorsize": "512", 
                "size": "55.32 MB", 
                "support_discard": "4096", 
                "vendor": null, 
                "virtual": 1
            }, 
            "loop9": {
                "holders": [], 
                "host": "", 
                "links": {
                    "ids": [], 
                    "labels": [], 
                    "masters": [], 
                    "uuids": []
                }, 
                "model": null, 
                "partitions": {}, 
                "removable": "0", 
                "rotational": "1", 
                "sas_address": null, 
                "sas_device_handle": null, 
                "scheduler_mode": "mq-deadline", 
                "sectors": "197888", 
                "sectorsize": "512", 
                "size": "96.62 MB", 
                "support_discard": "4096", 
                "vendor": null, 
                "virtual": 1
            }, 
            "sda": {
                "holders": [], 
                "host": "SCSI storage controller: LSI Logic / Symbios Logic 53c1030 PCI-X Fusion-MPT Dual Ultra320 SCSI (rev 01)", 
                "links": {
                    "ids": [], 
                    "labels": [], 
                    "masters": [], 
                    "uuids": []
                }, 
                "model": "VMware Virtual S", 
                "partitions": {
                    "sda1": {
                        "holders": [], 
                        "links": {
                            "ids": [], 
                            "labels": [], 
                            "masters": [], 
                            "uuids": [
                                "a0bc39aa-8ce9-45a3-9074-b060ca7ba587"
                            ]
                        }, 
                        "sectors": "41938944", 
                        "sectorsize": 512, 
                        "size": "20.00 GB", 
                        "start": "2048", 
                        "uuid": "a0bc39aa-8ce9-45a3-9074-b060ca7ba587"
                    }
                }, 
                "removable": "0", 
                "rotational": "1", 
                "sas_address": null, 
                "sas_device_handle": null, 
                "scheduler_mode": "mq-deadline", 
                "sectors": "41943040", 
                "sectorsize": "512", 
                "size": "20.00 GB", 
                "support_discard": "0", 
                "vendor": "VMware,", 
                "virtual": 1
            }, 
            "sr0": {
                "holders": [], 
                "host": "SATA controller: VMware SATA AHCI controller", 
                "links": {
                    "ids": [
                        "ata-VMware_Virtual_SATA_CDRW_Drive_00000000000000000001"
                    ], 
                    "labels": [], 
                    "masters": [], 
                    "uuids": []
                }, 
                "model": "VMware SATA CD00", 
                "partitions": {}, 
                "removable": "1", 
                "rotational": "1", 
                "sas_address": null, 
                "sas_device_handle": null, 
                "scheduler_mode": "mq-deadline", 
                "sectors": "2097151", 
                "sectorsize": "512", 
                "size": "1024.00 MB", 
                "support_discard": "0", 
                "vendor": "NECVMWar", 
                "virtual": 1
            }, 
            "sr1": {
                "holders": [], 
                "host": "SATA controller: VMware SATA AHCI controller", 
                "links": {
                    "ids": [
                        "ata-VMware_Virtual_SATA_CDRW_Drive_01000000000000000001"
                    ], 
                    "labels": [], 
                    "masters": [], 
                    "uuids": []
                }, 
                "model": "VMware SATA CD01", 
                "partitions": {}, 
                "removable": "1", 
                "rotational": "1", 
                "sas_address": null, 
                "sas_device_handle": null, 
                "scheduler_mode": "mq-deadline", 
                "sectors": "2097151", 
                "sectorsize": "512", 
                "size": "1024.00 MB", 
                "support_discard": "0", 
                "vendor": "NECVMWar", 
                "virtual": 1
            }
        }, 
        "ansible_distribution": "Ubuntu", 
        "ansible_distribution_file_parsed": true, 
        "ansible_distribution_file_path": "/etc/os-release", 
        "ansible_distribution_file_variety": "Debian", 
        "ansible_distribution_major_version": "18", 
        "ansible_distribution_release": "bionic", 
        "ansible_distribution_version": "18.04", 
        "ansible_dns": {
            "nameservers": [
                "127.0.0.53"
            ], 
            "options": {
                "edns0": true
            }, 
            "search": [
                "localdomain"
            ]
        }, 
        "ansible_domain": "", 
        "ansible_effective_group_id": 0, 
        "ansible_effective_user_id": 0, 
        "ansible_ens33": {
            "active": true, 
            "device": "ens33", 
            "ipv4": {
                "address": "172.16.124.239", 
                "broadcast": "172.16.124.255", 
                "netmask": "255.255.255.0", 
                "network": "172.16.124.0"
            }, 
            "ipv6": [
                {
                    "address": "fe80::da8c:297c:1834:6fc", 
                    "prefix": "64", 
                    "scope": "link"
                }
            ], 
            "macaddress": "00:0c:29:05:38:4b", 
            "module": "e1000", 
            "mtu": 1500, 
            "pciid": "0000:02:01.0", 
            "promisc": false, 
            "speed": 1000, 
            "type": "ether"
        }, 
        "ansible_env": {
            "DBUS_SESSION_BUS_ADDRESS": "unix:path=/run/user/0/bus", 
            "HOME": "/root", 
            "LANG": "en_US.UTF-8", 
            "LOGNAME": "root", 
            "MAIL": "/var/mail/root", 
            "PATH": "/usr/local/sbin:/usr/local/bin:/usr/sbin:/usr/bin:/sbin:/bin:/usr/games:/usr/local/games", 
            "PWD": "/root", 
            "SHELL": "/bin/bash", 
            "SHLVL": "1", 
            "SSH_CLIENT": "127.0.0.1 39588 22", 
            "SSH_CONNECTION": "127.0.0.1 39588 127.0.0.1 22", 
            "SSH_TTY": "/dev/pts/2", 
            "TERM": "xterm-256color", 
            "USER": "root", 
            "XDG_RUNTIME_DIR": "/run/user/0", 
            "XDG_SESSION_ID": "83", 
            "_": "/bin/sh"
        }, 
        "ansible_fips": false, 
        "ansible_form_factor": "Other", 
        "ansible_fqdn": "ubuntu", 
        "ansible_hostname": "ubuntu", 
        "ansible_interfaces": [
            "lo", 
            "vboxnet0", 
            "ens33"
        ], 
        "ansible_is_chroot": false, 
        "ansible_kernel": "5.3.0-28-generic", 
        "ansible_lo": {
            "active": true, 
            "device": "lo", 
            "ipv4": {
                "address": "127.0.0.1", 
                "broadcast": "host", 
                "netmask": "255.0.0.0", 
                "network": "127.0.0.0"
            }, 
            "ipv6": [
                {
                    "address": "::1", 
                    "prefix": "128", 
                    "scope": "host"
                }
            ], 
            "mtu": 65536, 
            "promisc": false, 
            "type": "loopback"
        }, 
        "ansible_local": {
            "git_ver": {
                "Git Version": "git version 2.17.1"
            }
        }, 
        "ansible_lsb": {
            "codename": "bionic", 
            "description": "Ubuntu 18.04.4 LTS", 
            "id": "Ubuntu", 
            "major_release": "18", 
            "release": "18.04"
        }, 
        "ansible_lvm": {
            "lvs": {}, 
            "pvs": {}, 
            "vgs": {}
        }, 
        "ansible_machine": "x86_64", 
        "ansible_machine_id": "624fb00ac4064aa893a23a0beead9166", 
        "ansible_memfree_mb": 1448, 
        "ansible_memory_mb": {
            "nocache": {
                "free": 2309, 
                "used": 1599
            }, 
            "real": {
                "free": 1448, 
                "total": 3908, 
                "used": 2460
            }, 
            "swap": {
                "cached": 3, 
                "free": 891, 
                "total": 947, 
                "used": 56
            }
        }, 
        "ansible_memtotal_mb": 3908, 
        "ansible_mounts": [
            {
                "block_available": 2329792, 
                "block_size": 4096, 
                "block_total": 5127316, 
                "block_used": 2797524, 
                "device": "/dev/sda1", 
                "fstype": "ext4", 
                "inode_available": 1098011, 
                "inode_total": 1310720, 
                "inode_used": 212709, 
                "mount": "/", 
                "options": "rw,relatime,errors=remount-ro", 
                "size_available": 9542828032, 
                "size_total": 21001486336, 
                "uuid": "a0bc39aa-8ce9-45a3-9074-b060ca7ba587"
            }, 
            {
                "block_available": 0, 
                "block_size": 131072, 
                "block_total": 438, 
                "block_used": 438, 
                "device": "/dev/loop1", 
                "fstype": "squashfs", 
                "inode_available": 0, 
                "inode_total": 10095, 
                "inode_used": 10095, 
                "mount": "/snap/core18/1668", 
                "options": "ro,nodev,relatime", 
                "size_available": 0, 
                "size_total": 57409536, 
                "uuid": "N/A"
            }, 
            {
                "block_available": 0, 
                "block_size": 131072, 
                "block_total": 360, 
                "block_used": 360, 
                "device": "/dev/loop2", 
                "fstype": "squashfs", 
                "inode_available": 0, 
                "inode_total": 42235, 
                "inode_used": 42235, 
                "mount": "/snap/gtk-common-themes/1440", 
                "options": "ro,nodev,relatime", 
                "size_available": 0, 
                "size_total": 47185920, 
                "uuid": "N/A"
            }, 
            {
                "block_available": 0, 
                "block_size": 131072, 
                "block_total": 1282, 
                "block_used": 1282, 
                "device": "/dev/loop3", 
                "fstype": "squashfs", 
                "inode_available": 0, 
                "inode_total": 27755, 
                "inode_used": 27755, 
                "mount": "/snap/gnome-3-28-1804/116", 
                "options": "ro,nodev,relatime", 
                "size_available": 0, 
                "size_total": 168034304, 
                "uuid": "N/A"
            }, 
            {
                "block_available": 0, 
                "block_size": 131072, 
                "block_total": 34, 
                "block_used": 34, 
                "device": "/dev/loop4", 
                "fstype": "squashfs", 
                "inode_available": 0, 
                "inode_total": 1577, 
                "inode_used": 1577, 
                "mount": "/snap/gnome-calculator/544", 
                "options": "ro,nodev,relatime", 
                "size_available": 0, 
                "size_total": 4456448, 
                "uuid": "N/A"
            }, 
            {
                "block_available": 0, 
                "block_size": 131072, 
                "block_total": 118, 
                "block_used": 118, 
                "device": "/dev/loop5", 
                "fstype": "squashfs", 
                "inode_available": 0, 
                "inode_total": 274, 
                "inode_used": 274, 
                "mount": "/snap/gnome-characters/399", 
                "options": "ro,nodev,relatime", 
                "size_available": 0, 
                "size_total": 15466496, 
                "uuid": "N/A"
            }, 
            {
                "block_available": 0, 
                "block_size": 131072, 
                "block_total": 8, 
                "block_used": 8, 
                "device": "/dev/loop6", 
                "fstype": "squashfs", 
                "inode_available": 0, 
                "inode_total": 354, 
                "inode_used": 354, 
                "mount": "/snap/gnome-logs/81", 
                "options": "ro,nodev,relatime", 
                "size_available": 0, 
                "size_total": 1048576, 
                "uuid": "N/A"
            }, 
            {
                "block_available": 0, 
                "block_size": 131072, 
                "block_total": 30, 
                "block_used": 30, 
                "device": "/dev/loop7", 
                "fstype": "squashfs", 
                "inode_available": 0, 
                "inode_total": 733, 
                "inode_used": 733, 
                "mount": "/snap/gnome-system-monitor/127", 
                "options": "ro,nodev,relatime", 
                "size_available": 0, 
                "size_total": 3932160, 
                "uuid": "N/A"
            }, 
            {
                "block_available": 0, 
                "block_size": 131072, 
                "block_total": 443, 
                "block_used": 443, 
                "device": "/dev/loop8", 
                "fstype": "squashfs", 
                "inode_available": 0, 
                "inode_total": 10775, 
                "inode_used": 10775, 
                "mount": "/snap/core18/1885", 
                "options": "ro,nodev,relatime", 
                "size_available": 0, 
                "size_total": 58064896, 
                "uuid": "N/A"
            }, 
            {
                "block_available": 0, 
                "block_size": 131072, 
                "block_total": 773, 
                "block_used": 773, 
                "device": "/dev/loop9", 
                "fstype": "squashfs", 
                "inode_available": 0, 
                "inode_total": 12796, 
                "inode_used": 12796, 
                "mount": "/snap/core/9804", 
                "options": "ro,nodev,relatime", 
                "size_available": 0, 
                "size_total": 101318656, 
                "uuid": "N/A"
            }, 
            {
                "block_available": 0, 
                "block_size": 131072, 
                "block_total": 3, 
                "block_used": 3, 
                "device": "/dev/loop10", 
                "fstype": "squashfs", 
                "inode_available": 0, 
                "inode_total": 230, 
                "inode_used": 230, 
                "mount": "/snap/gnome-characters/550", 
                "options": "ro,nodev,relatime", 
                "size_available": 0, 
                "size_total": 393216, 
                "uuid": "N/A"
            }, 
            {
                "block_available": 0, 
                "block_size": 131072, 
                "block_total": 18, 
                "block_used": 18, 
                "device": "/dev/loop11", 
                "fstype": "squashfs", 
                "inode_available": 0, 
                "inode_total": 784, 
                "inode_used": 784, 
                "mount": "/snap/gnome-system-monitor/148", 
                "options": "ro,nodev,relatime", 
                "size_available": 0, 
                "size_total": 2359296, 
                "uuid": "N/A"
            }, 
            {
                "block_available": 0, 
                "block_size": 131072, 
                "block_total": 8, 
                "block_used": 8, 
                "device": "/dev/loop12", 
                "fstype": "squashfs", 
                "inode_available": 0, 
                "inode_total": 355, 
                "inode_used": 355, 
                "mount": "/snap/gnome-logs/100", 
                "options": "ro,nodev,relatime", 
                "size_available": 0, 
                "size_total": 1048576, 
                "uuid": "N/A"
            }, 
            {
                "block_available": 0, 
                "block_size": 131072, 
                "block_total": 20, 
                "block_used": 20, 
                "device": "/dev/loop13", 
                "fstype": "squashfs", 
                "inode_available": 0, 
                "inode_total": 1351, 
                "inode_used": 1351, 
                "mount": "/snap/gnome-calculator/748", 
                "options": "ro,nodev,relatime", 
                "size_available": 0, 
                "size_total": 2621440, 
                "uuid": "N/A"
            }, 
            {
                "block_available": 0, 
                "block_size": 131072, 
                "block_total": 497, 
                "block_used": 497, 
                "device": "/dev/loop14", 
                "fstype": "squashfs", 
                "inode_available": 0, 
                "inode_total": 62342, 
                "inode_used": 62342, 
                "mount": "/snap/gtk-common-themes/1506", 
                "options": "ro,nodev,relatime", 
                "size_available": 0, 
                "size_total": 65142784, 
                "uuid": "N/A"
            }, 
            {
                "block_available": 0, 
                "block_size": 131072, 
                "block_total": 1292, 
                "block_used": 1292, 
                "device": "/dev/loop15", 
                "fstype": "squashfs", 
                "inode_available": 0, 
                "inode_total": 27798, 
                "inode_used": 27798, 
                "mount": "/snap/gnome-3-28-1804/128", 
                "options": "ro,nodev,relatime", 
                "size_available": 0, 
                "size_total": 169345024, 
                "uuid": "N/A"
            }, 
            {
                "block_available": 0, 
                "block_size": 131072, 
                "block_total": 2045, 
                "block_used": 2045, 
                "device": "/dev/loop16", 
                "fstype": "squashfs", 
                "inode_available": 0, 
                "inode_total": 24339, 
                "inode_used": 24339, 
                "mount": "/snap/gnome-3-34-1804/36", 
                "options": "ro,nodev,relatime", 
                "size_available": 0, 
                "size_total": 268042240, 
                "uuid": "N/A"
            }, 
            {
                "block_available": 0, 
                "block_size": 131072, 
                "block_total": 777, 
                "block_used": 777, 
                "device": "/dev/loop17", 
                "fstype": "squashfs", 
                "inode_available": 0, 
                "inode_total": 12804, 
                "inode_used": 12804, 
                "mount": "/snap/core/9993", 
                "options": "ro,nodev,relatime", 
                "size_available": 0, 
                "size_total": 101842944, 
                "uuid": "N/A"
            }
        ], 
        "ansible_nodename": "ubuntu", 
        "ansible_os_family": "Debian", 
        "ansible_pkg_mgr": "apt", 
        "ansible_processor": [
            "0", 
            "GenuineIntel", 
            "Intel(R) Core(TM) i7-7820HQ CPU @ 2.90GHz", 
            "1", 
            "GenuineIntel", 
            "Intel(R) Core(TM) i7-7820HQ CPU @ 2.90GHz"
        ], 
        "ansible_processor_cores": 1, 
        "ansible_processor_count": 2, 
        "ansible_processor_threads_per_core": 1, 
        "ansible_processor_vcpus": 2, 
        "ansible_product_name": "VMware Virtual Platform", 
        "ansible_product_serial": "VMware-56 4d 64 8a 14 4f 26 05-40 66 84 96 08 05 38 4b", 
        "ansible_product_uuid": "8a644d56-4f14-0526-4066-84960805384b", 
        "ansible_product_version": "None", 
        "ansible_python": {
            "executable": "/usr/bin/python", 
            "has_sslcontext": true, 
            "type": "CPython", 
            "version": {
                "major": 2, 
                "micro": 17, 
                "minor": 7, 
                "releaselevel": "final", 
                "serial": 0
            }, 
            "version_info": [
                2, 
                7, 
                17, 
                "final", 
                0
            ]
        }, 
        "ansible_python_version": "2.7.17", 
        "ansible_real_group_id": 0, 
        "ansible_real_user_id": 0, 
        "ansible_selinux": {
            "status": "disabled"
        }, 
        "ansible_selinux_python_present": true, 
        "ansible_service_mgr": "systemd", 
        "ansible_ssh_host_key_ecdsa_public": "AAAAE2VjZHNhLXNoYTItbmlzdHAyNTYAAAAIbmlzdHAyNTYAAABBBJft8srpQ4PSlxislCNmSwIsL+Cn0gqwClGCQv1idOypWy/MrfGnny6Wuo4Fo3nvrDNijjLKNjfEakhMTIPoIBU=", 
        "ansible_ssh_host_key_ed25519_public": "AAAAC3NzaC1lZDI1NTE5AAAAIEPa+SRfvH0iMrjXfGHQnNUCkwzw+asStZb1cBSMVJUj", 
        "ansible_ssh_host_key_rsa_public": "AAAAB3NzaC1yc2EAAAADAQABAAABAQDiG8Ltd99bysbMZW2CpNxENjV7PZQWyLF7wqpwIp721dVuCC4/79xfQ9jU1csCqOtoktjQwXLA9caZR/2vJHyVa4ckm7yVMpJS3zrFWo6iUZKfxqhZkCEO7XNGC3yu5G/cVPXn90+LYy9BJrO9Pf8vchEzXtJ5sKAS1ryoE9ncP1nbPuNDJTjDco9rIlvWOZ2knp5nqguU5XL/GFFVbEco9b5JSIFiFYaDz2/NzJtcs3/b8ee41soTa149oIZWeilH7uEJyAxjyT0I3dY+06/wImhQ7m2Ldlj1wUS2kqMTCM5GMkdlcHeGoBs5Cv5Sg/1FzXh6DhJmyNgY0MQmows7", 
        "ansible_swapfree_mb": 891, 
        "ansible_swaptotal_mb": 947, 
        "ansible_system": "Linux", 
        "ansible_system_capabilities": [
            "cap_chown", 
            "cap_dac_override", 
            "cap_dac_read_search", 
            "cap_fowner", 
            "cap_fsetid", 
            "cap_kill", 
            "cap_setgid", 
            "cap_setuid", 
            "cap_setpcap", 
            "cap_linux_immutable", 
            "cap_net_bind_service", 
            "cap_net_broadcast", 
            "cap_net_admin", 
            "cap_net_raw", 
            "cap_ipc_lock", 
            "cap_ipc_owner", 
            "cap_sys_module", 
            "cap_sys_rawio", 
            "cap_sys_chroot", 
            "cap_sys_ptrace", 
            "cap_sys_pacct", 
            "cap_sys_admin", 
            "cap_sys_boot", 
            "cap_sys_nice", 
            "cap_sys_resource", 
            "cap_sys_time", 
            "cap_sys_tty_config", 
            "cap_mknod", 
            "cap_lease", 
            "cap_audit_write", 
            "cap_audit_control", 
            "cap_setfcap", 
            "cap_mac_override", 
            "cap_mac_admin", 
            "cap_syslog", 
            "cap_wake_alarm", 
            "cap_block_suspend", 
            "cap_audit_read+ep"
        ], 
        "ansible_system_capabilities_enforced": "True", 
        "ansible_system_vendor": "VMware, Inc.", 
        "ansible_uptime_seconds": 241370, 
        "ansible_user_dir": "/root", 
        "ansible_user_gecos": "root", 
        "ansible_user_gid": 0, 
        "ansible_user_id": "root", 
        "ansible_user_shell": "/bin/bash", 
        "ansible_user_uid": 0, 
        "ansible_userspace_architecture": "x86_64", 
        "ansible_userspace_bits": "64", 
        "ansible_vboxnet0": {
            "active": false, 
            "device": "vboxnet0", 
            "ipv4": {
                "address": "192.168.33.1", 
                "broadcast": "192.168.33.255", 
                "netmask": "255.255.255.0", 
                "network": "192.168.33.0"
            }, 
            "ipv6": [
                {
                    "address": "fe80::800:27ff:fe00:0", 
                    "prefix": "64", 
                    "scope": "link"
                }
            ], 
            "macaddress": "0a:00:27:00:00:00", 
            "mtu": 1500, 
            "promisc": false, 
            "speed": 10, 
            "type": "ether"
        }, 
        "ansible_virtualization_role": "guest", 
        "ansible_virtualization_type": "VMware", 
        "gather_subset": [
            "all"
        ], 
        "module_setup": true
    }, 
    "changed": false
}
